<?xml version="1.0" encoding="UTF-8"?>
<testsuite xmlns:xsi="http://www.w3.org/2001/XMLSchema-instance" xsi:noNamespaceSchemaLocation="https://maven.apache.org/surefire/maven-surefire-plugin/xsd/surefire-test-report.xsd" name="com.example.AppTest" time="0.02" tests="1" errors="0" skipped="0" failures="0">
  <properties>
    <property name="java.specification.version" value="19"/>
    <property name="sun.cpu.isalist" value="amd64"/>
    <property name="sun.jnu.encoding" value="Cp1252"/>
    <property name="java.class.path" value="c:\Users\nicol\Documents\Dev\Java-Project\ChatGPT\demo\target\test-classes;c:\Users\nicol\Documents\Dev\Java-Project\ChatGPT\demo\target\classes;C:\Users\nicol\.m2\repository\org\apache\commons\commons-math3\3.6.1\commons-math3-3.6.1.jar;C:\Users\nicol\.m2\repository\junit\junit\4.11\junit-4.11.jar;C:\Users\nicol\.m2\repository\org\hamcrest\hamcrest-core\1.3\hamcrest-core-1.3.jar;C:\Users\nicol\.m2\repository\org\nd4j\nd4j-native\1.0.0-beta6\nd4j-native-1.0.0-beta6.jar;C:\Users\nicol\.m2\repository\org\nd4j\nd4j-native\1.0.0-beta6\nd4j-native-1.0.0-beta6-windows-x86_64.jar;C:\Users\nicol\.m2\repository\org\bytedeco\javacpp\1.5.2\javacpp-1.5.2.jar;C:\Users\nicol\.m2\repository\org\bytedeco\openblas\0.3.7-1.5.2\openblas-0.3.7-1.5.2.jar;C:\Users\nicol\.m2\repository\org\bytedeco\openblas\0.3.7-1.5.2\openblas-0.3.7-1.5.2-windows-x86_64.jar;C:\Users\nicol\.m2\repository\org\bytedeco\mkl\2019.5-1.5.2\mkl-2019.5-1.5.2.jar;C:\Users\nicol\.m2\repository\org\bytedeco\mkl\2019.5-1.5.2\mkl-2019.5-1.5.2-windows-x86_64.jar;C:\Users\nicol\.m2\repository\org\nd4j\nd4j-native-api\1.0.0-beta6\nd4j-native-api-1.0.0-beta6.jar;C:\Users\nicol\.m2\repository\org\nd4j\nd4j-buffer\1.0.0-beta6\nd4j-buffer-1.0.0-beta6.jar;C:\Users\nicol\.m2\repository\org\nd4j\nd4j-api\1.0.0-beta6\nd4j-api-1.0.0-beta6.jar;C:\Users\nicol\.m2\repository\com\jakewharton\byteunits\byteunits\0.9.1\byteunits-0.9.1.jar;C:\Users\nicol\.m2\repository\com\google\flatbuffers\flatbuffers-java\1.10.0\flatbuffers-java-1.10.0.jar;C:\Users\nicol\.m2\repository\org\nd4j\protobuf\1.0.0-beta6\protobuf-1.0.0-beta6.jar;C:\Users\nicol\.m2\repository\com\github\oshi\oshi-core\3.4.2\oshi-core-3.4.2.jar;C:\Users\nicol\.m2\repository\net\java\dev\jna\jna-platform\4.3.0\jna-platform-4.3.0.jar;C:\Users\nicol\.m2\repository\net\java\dev\jna\jna\4.3.0\jna-4.3.0.jar;C:\Users\nicol\.m2\repository\org\threeten\threetenbp\1.3.3\threetenbp-1.3.3.jar;C:\Users\nicol\.m2\repository\commons-net\commons-net\3.1\commons-net-3.1.jar;C:\Users\nicol\.m2\repository\org\nd4j\nd4j-context\1.0.0-beta6\nd4j-context-1.0.0-beta6.jar;C:\Users\nicol\.m2\repository\net\ericaro\neoitertools\1.0.0\neoitertools-1.0.0.jar;C:\Users\nicol\.m2\repository\org\deeplearning4j\deeplearning4j-core\1.0.0-beta6\deeplearning4j-core-1.0.0-beta6.jar;C:\Users\nicol\.m2\repository\org\deeplearning4j\deeplearning4j-tsne\1.0.0-beta6\deeplearning4j-tsne-1.0.0-beta6.jar;C:\Users\nicol\.m2\repository\org\deeplearning4j\nearestneighbor-core\1.0.0-beta6\nearestneighbor-core-1.0.0-beta6.jar;C:\Users\nicol\.m2\repository\org\deeplearning4j\deeplearning4j-datasets\1.0.0-beta6\deeplearning4j-datasets-1.0.0-beta6.jar;C:\Users\nicol\.m2\repository\org\deeplearning4j\deeplearning4j-common\1.0.0-beta6\deeplearning4j-common-1.0.0-beta6.jar;C:\Users\nicol\.m2\repository\org\deeplearning4j\deeplearning4j-datavec-iterators\1.0.0-beta6\deeplearning4j-datavec-iterators-1.0.0-beta6.jar;C:\Users\nicol\.m2\repository\org\deeplearning4j\deeplearning4j-modelimport\1.0.0-beta6\deeplearning4j-modelimport-1.0.0-beta6.jar;C:\Users\nicol\.m2\repository\com\google\code\gson\gson\2.8.0\gson-2.8.0.jar;C:\Users\nicol\.m2\repository\org\bytedeco\hdf5-platform\1.10.5-1.5.2\hdf5-platform-1.10.5-1.5.2.jar;C:\Users\nicol\.m2\repository\org\bytedeco\hdf5\1.10.5-1.5.2\hdf5-1.10.5-1.5.2.jar;C:\Users\nicol\.m2\repository\org\bytedeco\hdf5\1.10.5-1.5.2\hdf5-1.10.5-1.5.2-linux-x86.jar;C:\Users\nicol\.m2\repository\org\bytedeco\hdf5\1.10.5-1.5.2\hdf5-1.10.5-1.5.2-linux-x86_64.jar;C:\Users\nicol\.m2\repository\org\bytedeco\hdf5\1.10.5-1.5.2\hdf5-1.10.5-1.5.2-linux-armhf.jar;C:\Users\nicol\.m2\repository\org\bytedeco\hdf5\1.10.5-1.5.2\hdf5-1.10.5-1.5.2-linux-arm64.jar;C:\Users\nicol\.m2\repository\org\bytedeco\hdf5\1.10.5-1.5.2\hdf5-1.10.5-1.5.2-linux-ppc64le.jar;C:\Users\nicol\.m2\repository\org\bytedeco\hdf5\1.10.5-1.5.2\hdf5-1.10.5-1.5.2-macosx-x86_64.jar;C:\Users\nicol\.m2\repository\org\bytedeco\hdf5\1.10.5-1.5.2\hdf5-1.10.5-1.5.2-windows-x86.jar;C:\Users\nicol\.m2\repository\org\bytedeco\hdf5\1.10.5-1.5.2\hdf5-1.10.5-1.5.2-windows-x86_64.jar;C:\Users\nicol\.m2\repository\org\slf4j\slf4j-api\1.7.21\slf4j-api-1.7.21.jar;C:\Users\nicol\.m2\repository\org\deeplearning4j\deeplearning4j-nn\1.0.0-beta6\deeplearning4j-nn-1.0.0-beta6.jar;C:\Users\nicol\.m2\repository\org\deeplearning4j\deeplearning4j-utility-iterators\1.0.0-beta6\deeplearning4j-utility-iterators-1.0.0-beta6.jar;C:\Users\nicol\.m2\repository\org\deeplearning4j\deeplearning4j-util\1.0.0-beta6\deeplearning4j-util-1.0.0-beta6.jar;C:\Users\nicol\.m2\repository\org\lucee\oswego-concurrent\1.3.4\oswego-concurrent-1.3.4.jar;C:\Users\nicol\.m2\repository\org\nd4j\nd4j-jackson\1.0.0-beta6\nd4j-jackson-1.0.0-beta6.jar;C:\Users\nicol\.m2\repository\commons-io\commons-io\2.5\commons-io-2.5.jar;C:\Users\nicol\.m2\repository\org\apache\commons\commons-compress\1.18\commons-compress-1.18.jar;C:\Users\nicol\.m2\repository\org\apache\commons\commons-lang3\3.6\commons-lang3-3.6.jar;C:\Users\nicol\.m2\repository\org\nd4j\jackson\1.0.0-beta6\jackson-1.0.0-beta6.jar;C:\Users\nicol\.m2\repository\org\datavec\datavec-data-image\1.0.0-beta6\datavec-data-image-1.0.0-beta6.jar;C:\Users\nicol\.m2\repository\com\github\jai-imageio\jai-imageio-core\1.3.0\jai-imageio-core-1.3.0.jar;C:\Users\nicol\.m2\repository\com\twelvemonkeys\imageio\imageio-jpeg\3.1.1\imageio-jpeg-3.1.1.jar;C:\Users\nicol\.m2\repository\com\twelvemonkeys\imageio\imageio-core\3.1.1\imageio-core-3.1.1.jar;C:\Users\nicol\.m2\repository\com\twelvemonkeys\imageio\imageio-metadata\3.1.1\imageio-metadata-3.1.1.jar;C:\Users\nicol\.m2\repository\com\twelvemonkeys\common\common-lang\3.1.1\common-lang-3.1.1.jar;C:\Users\nicol\.m2\repository\com\twelvemonkeys\common\common-io\3.1.1\common-io-3.1.1.jar;C:\Users\nicol\.m2\repository\com\twelvemonkeys\common\common-image\3.1.1\common-image-3.1.1.jar;C:\Users\nicol\.m2\repository\com\twelvemonkeys\imageio\imageio-tiff\3.1.1\imageio-tiff-3.1.1.jar;C:\Users\nicol\.m2\repository\com\twelvemonkeys\imageio\imageio-psd\3.1.1\imageio-psd-3.1.1.jar;C:\Users\nicol\.m2\repository\com\twelvemonkeys\imageio\imageio-bmp\3.1.1\imageio-bmp-3.1.1.jar;C:\Users\nicol\.m2\repository\org\bytedeco\javacv\1.5.2\javacv-1.5.2.jar;C:\Users\nicol\.m2\repository\org\bytedeco\opencv\4.1.2-1.5.2\opencv-4.1.2-1.5.2.jar;C:\Users\nicol\.m2\repository\org\bytedeco\ffmpeg\4.2.1-1.5.2\ffmpeg-4.2.1-1.5.2.jar;C:\Users\nicol\.m2\repository\org\bytedeco\flycapture\2.13.3.31-1.5.2\flycapture-2.13.3.31-1.5.2.jar;C:\Users\nicol\.m2\repository\org\bytedeco\libdc1394\2.2.6-1.5.2\libdc1394-2.2.6-1.5.2.jar;C:\Users\nicol\.m2\repository\org\bytedeco\libfreenect\0.5.7-1.5.2\libfreenect-0.5.7-1.5.2.jar;C:\Users\nicol\.m2\repository\org\bytedeco\libfreenect2\0.2.0-1.5.2\libfreenect2-0.2.0-1.5.2.jar;C:\Users\nicol\.m2\repository\org\bytedeco\librealsense\1.12.4-1.5.2\librealsense-1.12.4-1.5.2.jar;C:\Users\nicol\.m2\repository\org\bytedeco\librealsense2\2.29.0-1.5.2\librealsense2-2.29.0-1.5.2.jar;C:\Users\nicol\.m2\repository\org\bytedeco\videoinput\0.200-1.5.2\videoinput-0.200-1.5.2.jar;C:\Users\nicol\.m2\repository\org\bytedeco\artoolkitplus\2.3.1-1.5.2\artoolkitplus-2.3.1-1.5.2.jar;C:\Users\nicol\.m2\repository\org\bytedeco\flandmark\1.07-1.5.2\flandmark-1.07-1.5.2.jar;C:\Users\nicol\.m2\repository\org\bytedeco\leptonica\1.78.0-1.5.2\leptonica-1.78.0-1.5.2.jar;C:\Users\nicol\.m2\repository\org\bytedeco\tesseract\4.1.0-1.5.2\tesseract-4.1.0-1.5.2.jar;C:\Users\nicol\.m2\repository\org\bytedeco\opencv-platform\4.1.2-1.5.2\opencv-platform-4.1.2-1.5.2.jar;C:\Users\nicol\.m2\repository\org\bytedeco\openblas-platform\0.3.7-1.5.2\openblas-platform-0.3.7-1.5.2.jar;C:\Users\nicol\.m2\repository\org\bytedeco\openblas\0.3.7-1.5.2\openblas-0.3.7-1.5.2-android-arm.jar;C:\Users\nicol\.m2\repository\org\bytedeco\openblas\0.3.7-1.5.2\openblas-0.3.7-1.5.2-android-arm64.jar;C:\Users\nicol\.m2\repository\org\bytedeco\openblas\0.3.7-1.5.2\openblas-0.3.7-1.5.2-android-x86.jar;C:\Users\nicol\.m2\repository\org\bytedeco\openblas\0.3.7-1.5.2\openblas-0.3.7-1.5.2-android-x86_64.jar;C:\Users\nicol\.m2\repository\org\bytedeco\openblas\0.3.7-1.5.2\openblas-0.3.7-1.5.2-ios-arm64.jar;C:\Users\nicol\.m2\repository\org\bytedeco\openblas\0.3.7-1.5.2\openblas-0.3.7-1.5.2-ios-x86_64.jar;C:\Users\nicol\.m2\repository\org\bytedeco\openblas\0.3.7-1.5.2\openblas-0.3.7-1.5.2-linux-x86.jar;C:\Users\nicol\.m2\repository\org\bytedeco\openblas\0.3.7-1.5.2\openblas-0.3.7-1.5.2-linux-x86_64.jar;C:\Users\nicol\.m2\repository\org\bytedeco\openblas\0.3.7-1.5.2\openblas-0.3.7-1.5.2-linux-armhf.jar;C:\Users\nicol\.m2\repository\org\bytedeco\openblas\0.3.7-1.5.2\openblas-0.3.7-1.5.2-linux-arm64.jar;C:\Users\nicol\.m2\repository\org\bytedeco\openblas\0.3.7-1.5.2\openblas-0.3.7-1.5.2-linux-ppc64le.jar;C:\Users\nicol\.m2\repository\org\bytedeco\openblas\0.3.7-1.5.2\openblas-0.3.7-1.5.2-macosx-x86_64.jar;C:\Users\nicol\.m2\repository\org\bytedeco\openblas\0.3.7-1.5.2\openblas-0.3.7-1.5.2-windows-x86.jar;C:\Users\nicol\.m2\repository\org\bytedeco\opencv\4.1.2-1.5.2\opencv-4.1.2-1.5.2-android-arm.jar;C:\Users\nicol\.m2\repository\org\bytedeco\opencv\4.1.2-1.5.2\opencv-4.1.2-1.5.2-android-arm64.jar;C:\Users\nicol\.m2\repository\org\bytedeco\opencv\4.1.2-1.5.2\opencv-4.1.2-1.5.2-android-x86.jar;C:\Users\nicol\.m2\repository\org\bytedeco\opencv\4.1.2-1.5.2\opencv-4.1.2-1.5.2-android-x86_64.jar;C:\Users\nicol\.m2\repository\org\bytedeco\opencv\4.1.2-1.5.2\opencv-4.1.2-1.5.2-ios-arm64.jar;C:\Users\nicol\.m2\repository\org\bytedeco\opencv\4.1.2-1.5.2\opencv-4.1.2-1.5.2-ios-x86_64.jar;C:\Users\nicol\.m2\repository\org\bytedeco\opencv\4.1.2-1.5.2\opencv-4.1.2-1.5.2-linux-x86.jar;C:\Users\nicol\.m2\repository\org\bytedeco\opencv\4.1.2-1.5.2\opencv-4.1.2-1.5.2-linux-x86_64.jar;C:\Users\nicol\.m2\repository\org\bytedeco\opencv\4.1.2-1.5.2\opencv-4.1.2-1.5.2-linux-armhf.jar;C:\Users\nicol\.m2\repository\org\bytedeco\opencv\4.1.2-1.5.2\opencv-4.1.2-1.5.2-linux-arm64.jar;C:\Users\nicol\.m2\repository\org\bytedeco\opencv\4.1.2-1.5.2\opencv-4.1.2-1.5.2-linux-ppc64le.jar;C:\Users\nicol\.m2\repository\org\bytedeco\opencv\4.1.2-1.5.2\opencv-4.1.2-1.5.2-macosx-x86_64.jar;C:\Users\nicol\.m2\repository\org\bytedeco\opencv\4.1.2-1.5.2\opencv-4.1.2-1.5.2-windows-x86.jar;C:\Users\nicol\.m2\repository\org\bytedeco\opencv\4.1.2-1.5.2\opencv-4.1.2-1.5.2-windows-x86_64.jar;C:\Users\nicol\.m2\repository\org\bytedeco\leptonica-platform\1.78.0-1.5.2\leptonica-platform-1.78.0-1.5.2.jar;C:\Users\nicol\.m2\repository\org\bytedeco\leptonica\1.78.0-1.5.2\leptonica-1.78.0-1.5.2-android-arm.jar;C:\Users\nicol\.m2\repository\org\bytedeco\leptonica\1.78.0-1.5.2\leptonica-1.78.0-1.5.2-android-arm64.jar;C:\Users\nicol\.m2\repository\org\bytedeco\leptonica\1.78.0-1.5.2\leptonica-1.78.0-1.5.2-android-x86.jar;C:\Users\nicol\.m2\repository\org\bytedeco\leptonica\1.78.0-1.5.2\leptonica-1.78.0-1.5.2-android-x86_64.jar;C:\Users\nicol\.m2\repository\org\bytedeco\leptonica\1.78.0-1.5.2\leptonica-1.78.0-1.5.2-linux-x86.jar;C:\Users\nicol\.m2\repository\org\bytedeco\leptonica\1.78.0-1.5.2\leptonica-1.78.0-1.5.2-linux-x86_64.jar;C:\Users\nicol\.m2\repository\org\bytedeco\leptonica\1.78.0-1.5.2\leptonica-1.78.0-1.5.2-linux-armhf.jar;C:\Users\nicol\.m2\repository\org\bytedeco\leptonica\1.78.0-1.5.2\leptonica-1.78.0-1.5.2-linux-arm64.jar;C:\Users\nicol\.m2\repository\org\bytedeco\leptonica\1.78.0-1.5.2\leptonica-1.78.0-1.5.2-linux-ppc64le.jar;C:\Users\nicol\.m2\repository\org\bytedeco\leptonica\1.78.0-1.5.2\leptonica-1.78.0-1.5.2-macosx-x86_64.jar;C:\Users\nicol\.m2\repository\org\bytedeco\leptonica\1.78.0-1.5.2\leptonica-1.78.0-1.5.2-windows-x86.jar;C:\Users\nicol\.m2\repository\org\bytedeco\leptonica\1.78.0-1.5.2\leptonica-1.78.0-1.5.2-windows-x86_64.jar;C:\Users\nicol\.m2\repository\org\deeplearning4j\deeplearning4j-ui-components\1.0.0-beta6\deeplearning4j-ui-components-1.0.0-beta6.jar;C:\Users\nicol\.m2\repository\org\datavec\datavec-api\1.0.0-beta6\datavec-api-1.0.0-beta6.jar;C:\Users\nicol\.m2\repository\commons-codec\commons-codec\1.10\commons-codec-1.10.jar;C:\Users\nicol\.m2\repository\joda-time\joda-time\2.2\joda-time-2.2.jar;C:\Users\nicol\.m2\repository\org\freemarker\freemarker\2.3.23\freemarker-2.3.23.jar;C:\Users\nicol\.m2\repository\org\nd4j\nd4j-common\1.0.0-beta6\nd4j-common-1.0.0-beta6.jar;C:\Users\nicol\.m2\repository\org\nd4j\guava\1.0.0-beta6\guava-1.0.0-beta6.jar;C:\Users\nicol\.m2\repository\com\clearspring\analytics\stream\2.7.0\stream-2.7.0.jar;C:\Users\nicol\.m2\repository\net\sf\opencsv\opencsv\2.3\opencsv-2.3.jar;C:\Users\nicol\.m2\repository\com\tdunning\t-digest\3.2\t-digest-3.2.jar;C:\Users\nicol\.m2\repository\it\unimi\dsi\fastutil\6.5.7\fastutil-6.5.7.jar;C:\Users\nicol\.m2\repository\org\datavec\datavec-local\1.0.0-beta6\datavec-local-1.0.0-beta6.jar;C:\Users\nicol\.m2\repository\com\codepoetics\protonpack\1.15\protonpack-1.15.jar;C:\Users\nicol\.m2\repository\org\datavec\datavec-arrow\1.0.0-beta6\datavec-arrow-1.0.0-beta6.jar;C:\Users\nicol\.m2\repository\org\apache\arrow\arrow-vector\0.11.0\arrow-vector-0.11.0.jar;C:\Users\nicol\.m2\repository\com\fasterxml\jackson\core\jackson-core\2.7.9\jackson-core-2.7.9.jar;C:\Users\nicol\.m2\repository\com\fasterxml\jackson\core\jackson-annotations\2.7.9\jackson-annotations-2.7.9.jar;C:\Users\nicol\.m2\repository\com\fasterxml\jackson\core\jackson-databind\2.7.9\jackson-databind-2.7.9.jar;C:\Users\nicol\.m2\repository\com\carrotsearch\hppc\0.7.2\hppc-0.7.2.jar;C:\Users\nicol\.m2\repository\io\netty\netty-buffer\4.1.22.Final\netty-buffer-4.1.22.Final.jar;C:\Users\nicol\.m2\repository\io\netty\netty-common\4.1.22.Final\netty-common-4.1.22.Final.jar;C:\Users\nicol\.m2\repository\org\apache\arrow\arrow-memory\0.11.0\arrow-memory-0.11.0.jar;C:\Users\nicol\.m2\repository\com\google\code\findbugs\jsr305\3.0.2\jsr305-3.0.2.jar;C:\Users\nicol\.m2\repository\org\apache\arrow\arrow-format\0.11.0\arrow-format-0.11.0.jar;"/>
    <property name="java.vm.vendor" value="Oracle Corporation"/>
    <property name="sun.arch.data.model" value="64"/>
    <property name="user.variant" value=""/>
    <property name="java.vendor.url" value="https://java.oracle.com/"/>
    <property name="user.timezone" value="Europe/Paris"/>
    <property name="os.name" value="Windows 10"/>
    <property name="java.vm.specification.version" value="19"/>
    <property name="sun.java.launcher" value="SUN_STANDARD"/>
    <property name="user.country" value="FR"/>
    <property name="sun.boot.library.path" value="C:\Program Files\Java\jdk-19\bin"/>
    <property name="sun.java.command" value="C:\Users\nicol\AppData\Local\Temp\surefire7239026704797321602\surefirebooter512539386448267850.jar C:\Users\nicol\AppData\Local\Temp\surefire7239026704797321602 2022-12-08T13-38-08_440-jvmRun1 surefire16082252024432463009tmp surefire_013377817442840065099tmp"/>
    <property name="jdk.debug" value="release"/>
    <property name="surefire.test.class.path" value="c:\Users\nicol\Documents\Dev\Java-Project\ChatGPT\demo\target\test-classes;c:\Users\nicol\Documents\Dev\Java-Project\ChatGPT\demo\target\classes;C:\Users\nicol\.m2\repository\org\apache\commons\commons-math3\3.6.1\commons-math3-3.6.1.jar;C:\Users\nicol\.m2\repository\junit\junit\4.11\junit-4.11.jar;C:\Users\nicol\.m2\repository\org\hamcrest\hamcrest-core\1.3\hamcrest-core-1.3.jar;C:\Users\nicol\.m2\repository\org\nd4j\nd4j-native\1.0.0-beta6\nd4j-native-1.0.0-beta6.jar;C:\Users\nicol\.m2\repository\org\nd4j\nd4j-native\1.0.0-beta6\nd4j-native-1.0.0-beta6-windows-x86_64.jar;C:\Users\nicol\.m2\repository\org\bytedeco\javacpp\1.5.2\javacpp-1.5.2.jar;C:\Users\nicol\.m2\repository\org\bytedeco\openblas\0.3.7-1.5.2\openblas-0.3.7-1.5.2.jar;C:\Users\nicol\.m2\repository\org\bytedeco\openblas\0.3.7-1.5.2\openblas-0.3.7-1.5.2-windows-x86_64.jar;C:\Users\nicol\.m2\repository\org\bytedeco\mkl\2019.5-1.5.2\mkl-2019.5-1.5.2.jar;C:\Users\nicol\.m2\repository\org\bytedeco\mkl\2019.5-1.5.2\mkl-2019.5-1.5.2-windows-x86_64.jar;C:\Users\nicol\.m2\repository\org\nd4j\nd4j-native-api\1.0.0-beta6\nd4j-native-api-1.0.0-beta6.jar;C:\Users\nicol\.m2\repository\org\nd4j\nd4j-buffer\1.0.0-beta6\nd4j-buffer-1.0.0-beta6.jar;C:\Users\nicol\.m2\repository\org\nd4j\nd4j-api\1.0.0-beta6\nd4j-api-1.0.0-beta6.jar;C:\Users\nicol\.m2\repository\com\jakewharton\byteunits\byteunits\0.9.1\byteunits-0.9.1.jar;C:\Users\nicol\.m2\repository\com\google\flatbuffers\flatbuffers-java\1.10.0\flatbuffers-java-1.10.0.jar;C:\Users\nicol\.m2\repository\org\nd4j\protobuf\1.0.0-beta6\protobuf-1.0.0-beta6.jar;C:\Users\nicol\.m2\repository\com\github\oshi\oshi-core\3.4.2\oshi-core-3.4.2.jar;C:\Users\nicol\.m2\repository\net\java\dev\jna\jna-platform\4.3.0\jna-platform-4.3.0.jar;C:\Users\nicol\.m2\repository\net\java\dev\jna\jna\4.3.0\jna-4.3.0.jar;C:\Users\nicol\.m2\repository\org\threeten\threetenbp\1.3.3\threetenbp-1.3.3.jar;C:\Users\nicol\.m2\repository\commons-net\commons-net\3.1\commons-net-3.1.jar;C:\Users\nicol\.m2\repository\org\nd4j\nd4j-context\1.0.0-beta6\nd4j-context-1.0.0-beta6.jar;C:\Users\nicol\.m2\repository\net\ericaro\neoitertools\1.0.0\neoitertools-1.0.0.jar;C:\Users\nicol\.m2\repository\org\deeplearning4j\deeplearning4j-core\1.0.0-beta6\deeplearning4j-core-1.0.0-beta6.jar;C:\Users\nicol\.m2\repository\org\deeplearning4j\deeplearning4j-tsne\1.0.0-beta6\deeplearning4j-tsne-1.0.0-beta6.jar;C:\Users\nicol\.m2\repository\org\deeplearning4j\nearestneighbor-core\1.0.0-beta6\nearestneighbor-core-1.0.0-beta6.jar;C:\Users\nicol\.m2\repository\org\deeplearning4j\deeplearning4j-datasets\1.0.0-beta6\deeplearning4j-datasets-1.0.0-beta6.jar;C:\Users\nicol\.m2\repository\org\deeplearning4j\deeplearning4j-common\1.0.0-beta6\deeplearning4j-common-1.0.0-beta6.jar;C:\Users\nicol\.m2\repository\org\deeplearning4j\deeplearning4j-datavec-iterators\1.0.0-beta6\deeplearning4j-datavec-iterators-1.0.0-beta6.jar;C:\Users\nicol\.m2\repository\org\deeplearning4j\deeplearning4j-modelimport\1.0.0-beta6\deeplearning4j-modelimport-1.0.0-beta6.jar;C:\Users\nicol\.m2\repository\com\google\code\gson\gson\2.8.0\gson-2.8.0.jar;C:\Users\nicol\.m2\repository\org\bytedeco\hdf5-platform\1.10.5-1.5.2\hdf5-platform-1.10.5-1.5.2.jar;C:\Users\nicol\.m2\repository\org\bytedeco\hdf5\1.10.5-1.5.2\hdf5-1.10.5-1.5.2.jar;C:\Users\nicol\.m2\repository\org\bytedeco\hdf5\1.10.5-1.5.2\hdf5-1.10.5-1.5.2-linux-x86.jar;C:\Users\nicol\.m2\repository\org\bytedeco\hdf5\1.10.5-1.5.2\hdf5-1.10.5-1.5.2-linux-x86_64.jar;C:\Users\nicol\.m2\repository\org\bytedeco\hdf5\1.10.5-1.5.2\hdf5-1.10.5-1.5.2-linux-armhf.jar;C:\Users\nicol\.m2\repository\org\bytedeco\hdf5\1.10.5-1.5.2\hdf5-1.10.5-1.5.2-linux-arm64.jar;C:\Users\nicol\.m2\repository\org\bytedeco\hdf5\1.10.5-1.5.2\hdf5-1.10.5-1.5.2-linux-ppc64le.jar;C:\Users\nicol\.m2\repository\org\bytedeco\hdf5\1.10.5-1.5.2\hdf5-1.10.5-1.5.2-macosx-x86_64.jar;C:\Users\nicol\.m2\repository\org\bytedeco\hdf5\1.10.5-1.5.2\hdf5-1.10.5-1.5.2-windows-x86.jar;C:\Users\nicol\.m2\repository\org\bytedeco\hdf5\1.10.5-1.5.2\hdf5-1.10.5-1.5.2-windows-x86_64.jar;C:\Users\nicol\.m2\repository\org\slf4j\slf4j-api\1.7.21\slf4j-api-1.7.21.jar;C:\Users\nicol\.m2\repository\org\deeplearning4j\deeplearning4j-nn\1.0.0-beta6\deeplearning4j-nn-1.0.0-beta6.jar;C:\Users\nicol\.m2\repository\org\deeplearning4j\deeplearning4j-utility-iterators\1.0.0-beta6\deeplearning4j-utility-iterators-1.0.0-beta6.jar;C:\Users\nicol\.m2\repository\org\deeplearning4j\deeplearning4j-util\1.0.0-beta6\deeplearning4j-util-1.0.0-beta6.jar;C:\Users\nicol\.m2\repository\org\lucee\oswego-concurrent\1.3.4\oswego-concurrent-1.3.4.jar;C:\Users\nicol\.m2\repository\org\nd4j\nd4j-jackson\1.0.0-beta6\nd4j-jackson-1.0.0-beta6.jar;C:\Users\nicol\.m2\repository\commons-io\commons-io\2.5\commons-io-2.5.jar;C:\Users\nicol\.m2\repository\org\apache\commons\commons-compress\1.18\commons-compress-1.18.jar;C:\Users\nicol\.m2\repository\org\apache\commons\commons-lang3\3.6\commons-lang3-3.6.jar;C:\Users\nicol\.m2\repository\org\nd4j\jackson\1.0.0-beta6\jackson-1.0.0-beta6.jar;C:\Users\nicol\.m2\repository\org\datavec\datavec-data-image\1.0.0-beta6\datavec-data-image-1.0.0-beta6.jar;C:\Users\nicol\.m2\repository\com\github\jai-imageio\jai-imageio-core\1.3.0\jai-imageio-core-1.3.0.jar;C:\Users\nicol\.m2\repository\com\twelvemonkeys\imageio\imageio-jpeg\3.1.1\imageio-jpeg-3.1.1.jar;C:\Users\nicol\.m2\repository\com\twelvemonkeys\imageio\imageio-core\3.1.1\imageio-core-3.1.1.jar;C:\Users\nicol\.m2\repository\com\twelvemonkeys\imageio\imageio-metadata\3.1.1\imageio-metadata-3.1.1.jar;C:\Users\nicol\.m2\repository\com\twelvemonkeys\common\common-lang\3.1.1\common-lang-3.1.1.jar;C:\Users\nicol\.m2\repository\com\twelvemonkeys\common\common-io\3.1.1\common-io-3.1.1.jar;C:\Users\nicol\.m2\repository\com\twelvemonkeys\common\common-image\3.1.1\common-image-3.1.1.jar;C:\Users\nicol\.m2\repository\com\twelvemonkeys\imageio\imageio-tiff\3.1.1\imageio-tiff-3.1.1.jar;C:\Users\nicol\.m2\repository\com\twelvemonkeys\imageio\imageio-psd\3.1.1\imageio-psd-3.1.1.jar;C:\Users\nicol\.m2\repository\com\twelvemonkeys\imageio\imageio-bmp\3.1.1\imageio-bmp-3.1.1.jar;C:\Users\nicol\.m2\repository\org\bytedeco\javacv\1.5.2\javacv-1.5.2.jar;C:\Users\nicol\.m2\repository\org\bytedeco\opencv\4.1.2-1.5.2\opencv-4.1.2-1.5.2.jar;C:\Users\nicol\.m2\repository\org\bytedeco\ffmpeg\4.2.1-1.5.2\ffmpeg-4.2.1-1.5.2.jar;C:\Users\nicol\.m2\repository\org\bytedeco\flycapture\2.13.3.31-1.5.2\flycapture-2.13.3.31-1.5.2.jar;C:\Users\nicol\.m2\repository\org\bytedeco\libdc1394\2.2.6-1.5.2\libdc1394-2.2.6-1.5.2.jar;C:\Users\nicol\.m2\repository\org\bytedeco\libfreenect\0.5.7-1.5.2\libfreenect-0.5.7-1.5.2.jar;C:\Users\nicol\.m2\repository\org\bytedeco\libfreenect2\0.2.0-1.5.2\libfreenect2-0.2.0-1.5.2.jar;C:\Users\nicol\.m2\repository\org\bytedeco\librealsense\1.12.4-1.5.2\librealsense-1.12.4-1.5.2.jar;C:\Users\nicol\.m2\repository\org\bytedeco\librealsense2\2.29.0-1.5.2\librealsense2-2.29.0-1.5.2.jar;C:\Users\nicol\.m2\repository\org\bytedeco\videoinput\0.200-1.5.2\videoinput-0.200-1.5.2.jar;C:\Users\nicol\.m2\repository\org\bytedeco\artoolkitplus\2.3.1-1.5.2\artoolkitplus-2.3.1-1.5.2.jar;C:\Users\nicol\.m2\repository\org\bytedeco\flandmark\1.07-1.5.2\flandmark-1.07-1.5.2.jar;C:\Users\nicol\.m2\repository\org\bytedeco\leptonica\1.78.0-1.5.2\leptonica-1.78.0-1.5.2.jar;C:\Users\nicol\.m2\repository\org\bytedeco\tesseract\4.1.0-1.5.2\tesseract-4.1.0-1.5.2.jar;C:\Users\nicol\.m2\repository\org\bytedeco\opencv-platform\4.1.2-1.5.2\opencv-platform-4.1.2-1.5.2.jar;C:\Users\nicol\.m2\repository\org\bytedeco\openblas-platform\0.3.7-1.5.2\openblas-platform-0.3.7-1.5.2.jar;C:\Users\nicol\.m2\repository\org\bytedeco\openblas\0.3.7-1.5.2\openblas-0.3.7-1.5.2-android-arm.jar;C:\Users\nicol\.m2\repository\org\bytedeco\openblas\0.3.7-1.5.2\openblas-0.3.7-1.5.2-android-arm64.jar;C:\Users\nicol\.m2\repository\org\bytedeco\openblas\0.3.7-1.5.2\openblas-0.3.7-1.5.2-android-x86.jar;C:\Users\nicol\.m2\repository\org\bytedeco\openblas\0.3.7-1.5.2\openblas-0.3.7-1.5.2-android-x86_64.jar;C:\Users\nicol\.m2\repository\org\bytedeco\openblas\0.3.7-1.5.2\openblas-0.3.7-1.5.2-ios-arm64.jar;C:\Users\nicol\.m2\repository\org\bytedeco\openblas\0.3.7-1.5.2\openblas-0.3.7-1.5.2-ios-x86_64.jar;C:\Users\nicol\.m2\repository\org\bytedeco\openblas\0.3.7-1.5.2\openblas-0.3.7-1.5.2-linux-x86.jar;C:\Users\nicol\.m2\repository\org\bytedeco\openblas\0.3.7-1.5.2\openblas-0.3.7-1.5.2-linux-x86_64.jar;C:\Users\nicol\.m2\repository\org\bytedeco\openblas\0.3.7-1.5.2\openblas-0.3.7-1.5.2-linux-armhf.jar;C:\Users\nicol\.m2\repository\org\bytedeco\openblas\0.3.7-1.5.2\openblas-0.3.7-1.5.2-linux-arm64.jar;C:\Users\nicol\.m2\repository\org\bytedeco\openblas\0.3.7-1.5.2\openblas-0.3.7-1.5.2-linux-ppc64le.jar;C:\Users\nicol\.m2\repository\org\bytedeco\openblas\0.3.7-1.5.2\openblas-0.3.7-1.5.2-macosx-x86_64.jar;C:\Users\nicol\.m2\repository\org\bytedeco\openblas\0.3.7-1.5.2\openblas-0.3.7-1.5.2-windows-x86.jar;C:\Users\nicol\.m2\repository\org\bytedeco\opencv\4.1.2-1.5.2\opencv-4.1.2-1.5.2-android-arm.jar;C:\Users\nicol\.m2\repository\org\bytedeco\opencv\4.1.2-1.5.2\opencv-4.1.2-1.5.2-android-arm64.jar;C:\Users\nicol\.m2\repository\org\bytedeco\opencv\4.1.2-1.5.2\opencv-4.1.2-1.5.2-android-x86.jar;C:\Users\nicol\.m2\repository\org\bytedeco\opencv\4.1.2-1.5.2\opencv-4.1.2-1.5.2-android-x86_64.jar;C:\Users\nicol\.m2\repository\org\bytedeco\opencv\4.1.2-1.5.2\opencv-4.1.2-1.5.2-ios-arm64.jar;C:\Users\nicol\.m2\repository\org\bytedeco\opencv\4.1.2-1.5.2\opencv-4.1.2-1.5.2-ios-x86_64.jar;C:\Users\nicol\.m2\repository\org\bytedeco\opencv\4.1.2-1.5.2\opencv-4.1.2-1.5.2-linux-x86.jar;C:\Users\nicol\.m2\repository\org\bytedeco\opencv\4.1.2-1.5.2\opencv-4.1.2-1.5.2-linux-x86_64.jar;C:\Users\nicol\.m2\repository\org\bytedeco\opencv\4.1.2-1.5.2\opencv-4.1.2-1.5.2-linux-armhf.jar;C:\Users\nicol\.m2\repository\org\bytedeco\opencv\4.1.2-1.5.2\opencv-4.1.2-1.5.2-linux-arm64.jar;C:\Users\nicol\.m2\repository\org\bytedeco\opencv\4.1.2-1.5.2\opencv-4.1.2-1.5.2-linux-ppc64le.jar;C:\Users\nicol\.m2\repository\org\bytedeco\opencv\4.1.2-1.5.2\opencv-4.1.2-1.5.2-macosx-x86_64.jar;C:\Users\nicol\.m2\repository\org\bytedeco\opencv\4.1.2-1.5.2\opencv-4.1.2-1.5.2-windows-x86.jar;C:\Users\nicol\.m2\repository\org\bytedeco\opencv\4.1.2-1.5.2\opencv-4.1.2-1.5.2-windows-x86_64.jar;C:\Users\nicol\.m2\repository\org\bytedeco\leptonica-platform\1.78.0-1.5.2\leptonica-platform-1.78.0-1.5.2.jar;C:\Users\nicol\.m2\repository\org\bytedeco\leptonica\1.78.0-1.5.2\leptonica-1.78.0-1.5.2-android-arm.jar;C:\Users\nicol\.m2\repository\org\bytedeco\leptonica\1.78.0-1.5.2\leptonica-1.78.0-1.5.2-android-arm64.jar;C:\Users\nicol\.m2\repository\org\bytedeco\leptonica\1.78.0-1.5.2\leptonica-1.78.0-1.5.2-android-x86.jar;C:\Users\nicol\.m2\repository\org\bytedeco\leptonica\1.78.0-1.5.2\leptonica-1.78.0-1.5.2-android-x86_64.jar;C:\Users\nicol\.m2\repository\org\bytedeco\leptonica\1.78.0-1.5.2\leptonica-1.78.0-1.5.2-linux-x86.jar;C:\Users\nicol\.m2\repository\org\bytedeco\leptonica\1.78.0-1.5.2\leptonica-1.78.0-1.5.2-linux-x86_64.jar;C:\Users\nicol\.m2\repository\org\bytedeco\leptonica\1.78.0-1.5.2\leptonica-1.78.0-1.5.2-linux-armhf.jar;C:\Users\nicol\.m2\repository\org\bytedeco\leptonica\1.78.0-1.5.2\leptonica-1.78.0-1.5.2-linux-arm64.jar;C:\Users\nicol\.m2\repository\org\bytedeco\leptonica\1.78.0-1.5.2\leptonica-1.78.0-1.5.2-linux-ppc64le.jar;C:\Users\nicol\.m2\repository\org\bytedeco\leptonica\1.78.0-1.5.2\leptonica-1.78.0-1.5.2-macosx-x86_64.jar;C:\Users\nicol\.m2\repository\org\bytedeco\leptonica\1.78.0-1.5.2\leptonica-1.78.0-1.5.2-windows-x86.jar;C:\Users\nicol\.m2\repository\org\bytedeco\leptonica\1.78.0-1.5.2\leptonica-1.78.0-1.5.2-windows-x86_64.jar;C:\Users\nicol\.m2\repository\org\deeplearning4j\deeplearning4j-ui-components\1.0.0-beta6\deeplearning4j-ui-components-1.0.0-beta6.jar;C:\Users\nicol\.m2\repository\org\datavec\datavec-api\1.0.0-beta6\datavec-api-1.0.0-beta6.jar;C:\Users\nicol\.m2\repository\commons-codec\commons-codec\1.10\commons-codec-1.10.jar;C:\Users\nicol\.m2\repository\joda-time\joda-time\2.2\joda-time-2.2.jar;C:\Users\nicol\.m2\repository\org\freemarker\freemarker\2.3.23\freemarker-2.3.23.jar;C:\Users\nicol\.m2\repository\org\nd4j\nd4j-common\1.0.0-beta6\nd4j-common-1.0.0-beta6.jar;C:\Users\nicol\.m2\repository\org\nd4j\guava\1.0.0-beta6\guava-1.0.0-beta6.jar;C:\Users\nicol\.m2\repository\com\clearspring\analytics\stream\2.7.0\stream-2.7.0.jar;C:\Users\nicol\.m2\repository\net\sf\opencsv\opencsv\2.3\opencsv-2.3.jar;C:\Users\nicol\.m2\repository\com\tdunning\t-digest\3.2\t-digest-3.2.jar;C:\Users\nicol\.m2\repository\it\unimi\dsi\fastutil\6.5.7\fastutil-6.5.7.jar;C:\Users\nicol\.m2\repository\org\datavec\datavec-local\1.0.0-beta6\datavec-local-1.0.0-beta6.jar;C:\Users\nicol\.m2\repository\com\codepoetics\protonpack\1.15\protonpack-1.15.jar;C:\Users\nicol\.m2\repository\org\datavec\datavec-arrow\1.0.0-beta6\datavec-arrow-1.0.0-beta6.jar;C:\Users\nicol\.m2\repository\org\apache\arrow\arrow-vector\0.11.0\arrow-vector-0.11.0.jar;C:\Users\nicol\.m2\repository\com\fasterxml\jackson\core\jackson-core\2.7.9\jackson-core-2.7.9.jar;C:\Users\nicol\.m2\repository\com\fasterxml\jackson\core\jackson-annotations\2.7.9\jackson-annotations-2.7.9.jar;C:\Users\nicol\.m2\repository\com\fasterxml\jackson\core\jackson-databind\2.7.9\jackson-databind-2.7.9.jar;C:\Users\nicol\.m2\repository\com\carrotsearch\hppc\0.7.2\hppc-0.7.2.jar;C:\Users\nicol\.m2\repository\io\netty\netty-buffer\4.1.22.Final\netty-buffer-4.1.22.Final.jar;C:\Users\nicol\.m2\repository\io\netty\netty-common\4.1.22.Final\netty-common-4.1.22.Final.jar;C:\Users\nicol\.m2\repository\org\apache\arrow\arrow-memory\0.11.0\arrow-memory-0.11.0.jar;C:\Users\nicol\.m2\repository\com\google\code\findbugs\jsr305\3.0.2\jsr305-3.0.2.jar;C:\Users\nicol\.m2\repository\org\apache\arrow\arrow-format\0.11.0\arrow-format-0.11.0.jar;"/>
    <property name="sun.cpu.endian" value="little"/>
    <property name="user.home" value="C:\Users\nicol"/>
    <property name="user.language" value="fr"/>
    <property name="java.specification.vendor" value="Oracle Corporation"/>
    <property name="java.version.date" value="2022-10-18"/>
    <property name="java.home" value="C:\Program Files\Java\jdk-19"/>
    <property name="file.separator" value="\"/>
    <property name="basedir" value="c:\Users\nicol\Documents\Dev\Java-Project\ChatGPT\demo"/>
    <property name="java.vm.compressedOopsMode" value="Zero based"/>
    <property name="line.separator" value="&#10;"/>
    <property name="java.vm.specification.vendor" value="Oracle Corporation"/>
    <property name="java.specification.name" value="Java Platform API Specification"/>
    <property name="surefire.real.class.path" value="C:\Users\nicol\AppData\Local\Temp\surefire7239026704797321602\surefirebooter512539386448267850.jar"/>
    <property name="user.script" value=""/>
    <property name="sun.management.compiler" value="HotSpot 64-Bit Tiered Compilers"/>
    <property name="java.runtime.version" value="19.0.1+10-21"/>
    <property name="user.name" value="nicol"/>
    <property name="stdout.encoding" value="Cp1252"/>
    <property name="path.separator" value=";"/>
    <property name="os.version" value="10.0"/>
    <property name="java.runtime.name" value="Java(TM) SE Runtime Environment"/>
    <property name="file.encoding" value="UTF-8"/>
    <property name="java.vm.name" value="Java HotSpot(TM) 64-Bit Server VM"/>
    <property name="localRepository" value="C:\Users\nicol\.m2\repository"/>
    <property name="java.vendor.url.bug" value="https://bugreport.java.com/bugreport/"/>
    <property name="java.io.tmpdir" value="C:\Users\nicol\AppData\Local\Temp\"/>
    <property name="java.version" value="19.0.1"/>
    <property name="user.dir" value="c:\Users\nicol\Documents\Dev\Java-Project\ChatGPT\demo"/>
    <property name="os.arch" value="amd64"/>
    <property name="java.vm.specification.name" value="Java Virtual Machine Specification"/>
    <property name="sun.os.patch.level" value=""/>
    <property name="native.encoding" value="Cp1252"/>
    <property name="java.library.path" value="C:\Program Files\Java\jdk-19\bin;C:\windows\Sun\Java\bin;C:\windows\system32;C:\windows;C:\Program Files\Common Files\Oracle\Java\javapath;C:\Program Files\Eclipse Adoptium\jdk-17.0.4.101-hotspot\bin;C:\Program Files (x86)\VMware\VMware Player\bin\;C:\Windows\system32;C:\Windows;C:\Windows\System32\Wbem;C:\Windows\System32\WindowsPowerShell\v1.0\;C:\Windows\System32\OpenSSH\;C:\Program Files (x86)\NVIDIA Corporation\PhysX\Common;C:\Program Files (x86)\Common Files\Acronis\SnapAPI\;C:\Program Files (x86)\Common Files\Acronis\VirtualFile\;C:\Program Files (x86)\Common Files\Acronis\VirtualFile64\;C:\Program Files (x86)\AOMEI\AOMEI Backupper\6.7.0;C:\Program Files\dotnet\;C:\Program Files\Git\cmd;C:\mingw32\bin;C:\MinGW\bin;C:\Program Files\NVIDIA Corporation\NVIDIA NvDLISR;C:\Program Files\Maven\apache-maven-3.8.6\bin;C:\Users\nicol\AppData\Local\Programs\Python\Python310\Scripts\;C:\Users\nicol\AppData\Local\Programs\Python\Python310\;C:\Users\nicol\AppData\Local\Microsoft\WindowsApps;C:\Program Files\Microsoft VS Code\bin;C:\MinGW\bin;C:\Program Files\JetBrains\IntelliJ IDEA Community Edition 2022.2.3\bin;;C:\Program Files\Java\jdk-19\bin;;."/>
    <property name="java.vm.info" value="mixed mode, sharing"/>
    <property name="stderr.encoding" value="Cp1252"/>
    <property name="java.vendor" value="Oracle Corporation"/>
    <property name="java.vm.version" value="19.0.1+10-21"/>
    <property name="sun.io.unicode.encoding" value="UnicodeLittle"/>
    <property name="java.class.version" value="63.0"/>
  </properties>
  <testcase name="shouldAnswerWithTrue" classname="com.example.AppTest" time="0.002"/>
</testsuite>